# JRE version: Java(TM) SE Runtime Environment (8.0_172-b11) (build 1.8.0_172-b11)
# Java VM: Java HotSpot(TM) 64-Bit Server VM (25.172-b11 mixed mode bsd-amd64 compressed oops)
Heap:
 PSYoungGen      total 217600K, used 76830K [0x000000076ab00000, 0x0000000779e00000, 0x00000007c0000000)
  eden space 194560K, 27% used [0x000000076ab00000,0x000000076df88060,0x0000000776900000)
  from space 23040K, 99% used [0x0000000778380000,0x00000007799ffa98,0x0000000779a00000)
  to   space 27136K, 0% used [0x0000000776900000,0x0000000776900000,0x0000000778380000)
 ParOldGen       total 140800K, used 30522K [0x00000006c0000000, 0x00000006c8980000, 0x000000076ab00000)
  object space 140800K, 21% used [0x00000006c0000000,0x00000006c1dceb68,0x00000006c8980000)
 Metaspace       used 32567K, capacity 33294K, committed 33536K, reserved 1079296K
  class space    used 3942K, capacity 4255K, committed 4352K, reserved 1048576K
GC Heap History (10 events):
Event: 1.604 GC heap before
{Heap before GC invocations=3 (full 1):
 PSYoungGen      total 141824K, used 10736K [0x000000076ab00000, 0x0000000774000000, 0x00000007c0000000)
  eden space 131072K, 0% used [0x000000076ab00000,0x000000076ab00000,0x0000000772b00000)
  from space 10752K, 99% used [0x0000000773580000,0x0000000773ffc040,0x0000000774000000)
  to   space 10752K, 0% used [0x0000000772b00000,0x0000000772b00000,0x0000000773580000)
 ParOldGen       total 175104K, used 9911K [0x00000006c0000000, 0x00000006cab00000, 0x000000076ab00000)
  object space 175104K, 5% used [0x00000006c0000000,0x00000006c09addc0,0x00000006cab00000)
 Metaspace       used 20623K, capacity 21098K, committed 21296K, reserved 1069056K
  class space    used 2403K, capacity 2597K, committed 2688K, reserved 1048576K
Event: 1.654 GC heap after
Heap after GC invocations=3 (full 1):
 PSYoungGen      total 141824K, used 0K [0x000000076ab00000, 0x0000000774000000, 0x00000007c0000000)
  eden space 131072K, 0% used [0x000000076ab00000,0x000000076ab00000,0x0000000772b00000)
  from space 10752K, 0% used [0x0000000773580000,0x0000000773580000,0x0000000774000000)
  to   space 10752K, 0% used [0x0000000772b00000,0x0000000772b00000,0x0000000773580000)
 ParOldGen       total 140800K, used 19034K [0x00000006c0000000, 0x00000006c8980000, 0x000000076ab00000)
  object space 140800K, 13% used [0x00000006c0000000,0x00000006c12968d8,0x00000006c8980000)
 Metaspace       used 20623K, capacity 21098K, committed 21296K, reserved 1069056K
  class space    used 2403K, capacity 2597K, committed 2688K, reserved 1048576K
}
Event: 2.351 GC heap before
{Heap before GC invocations=4 (full 1):
 PSYoungGen      total 141824K, used 131072K [0x000000076ab00000, 0x0000000774000000, 0x00000007c0000000)
  eden space 131072K, 100% used [0x000000076ab00000,0x0000000772b00000,0x0000000772b00000)
  from space 10752K, 0% used [0x0000000773580000,0x0000000773580000,0x0000000774000000)
  to   space 10752K, 0% used [0x0000000772b00000,0x0000000772b00000,0x0000000773580000)
 ParOldGen       total 140800K, used 19034K [0x00000006c0000000, 0x00000006c8980000, 0x000000076ab00000)
  object space 140800K, 13% used [0x00000006c0000000,0x00000006c12968d8,0x00000006c8980000)
 Metaspace       used 21700K, capacity 22248K, committed 22448K, reserved 1069056K
  class space    used 2517K, capacity 2741K, committed 2816K, reserved 1048576K
Event: 2.356 GC heap after
Heap after GC invocations=4 (full 1):
 PSYoungGen      total 141824K, used 6107K [0x000000076ab00000, 0x0000000776280000, 0x00000007c0000000)
  eden space 131072K, 0% used [0x000000076ab00000,0x000000076ab00000,0x0000000772b00000)
  from space 10752K, 56% used [0x0000000772b00000,0x00000007730f6c40,0x0000000773580000)
  to   space 10752K, 0% used [0x0000000775800000,0x0000000775800000,0x0000000776280000)
 ParOldGen       total 140800K, used 19042K [0x00000006c0000000, 0x00000006c8980000, 0x000000076ab00000)
  object space 140800K, 13% used [0x00000006c0000000,0x00000006c12988d8,0x00000006c8980000)
 Metaspace       used 21700K, capacity 22248K, committed 22448K, reserved 1069056K
  class space    used 2517K, capacity 2741K, committed 2816K, reserved 1048576K
}
Event: 3.965 GC heap before
{Heap before GC invocations=5 (full 1):
 PSYoungGen      total 141824K, used 137179K [0x000000076ab00000, 0x0000000776280000, 0x00000007c0000000)
  eden space 131072K, 100% used [0x000000076ab00000,0x0000000772b00000,0x0000000772b00000)
  from space 10752K, 56% used [0x0000000772b00000,0x00000007730f6c40,0x0000000773580000)
  to   space 10752K, 0% used [0x0000000775800000,0x0000000775800000,0x0000000776280000)
 ParOldGen       total 140800K, used 19042K [0x00000006c0000000, 0x00000006c8980000, 0x000000076ab00000)
  object space 140800K, 13% used [0x00000006c0000000,0x00000006c12988d8,0x00000006c8980000)
 Metaspace       used 23216K, capacity 23784K, committed 24064K, reserved 1071104K
  class space    used 2709K, capacity 2947K, committed 3072K, reserved 1048576K
Event: 3.977 GC heap after
Heap after GC invocations=5 (full 1):
 PSYoungGen      total 175104K, used 10748K [0x000000076ab00000, 0x0000000776280000, 0x00000007c0000000)
  eden space 164352K, 0% used [0x000000076ab00000,0x000000076ab00000,0x0000000774b80000)
  from space 10752K, 99% used [0x0000000775800000,0x000000077627f220,0x0000000776280000)
  to   space 10752K, 0% used [0x0000000774d80000,0x0000000774d80000,0x0000000775800000)
 ParOldGen       total 140800K, used 26273K [0x00000006c0000000, 0x00000006c8980000, 0x000000076ab00000)
  object space 140800K, 18% used [0x00000006c0000000,0x00000006c19a86a8,0x00000006c8980000)
 Metaspace       used 23216K, capacity 23784K, committed 24064K, reserved 1071104K
  class space    used 2709K, capacity 2947K, committed 3072K, reserved 1048576K
}
Event: 11.123 GC heap before
{Heap before GC invocations=6 (full 1):
 PSYoungGen      total 175104K, used 175100K [0x000000076ab00000, 0x0000000776280000, 0x00000007c0000000)
  eden space 164352K, 100% used [0x000000076ab00000,0x0000000774b80000,0x0000000774b80000)
  from space 10752K, 99% used [0x0000000775800000,0x000000077627f220,0x0000000776280000)
  to   space 10752K, 0% used [0x0000000774d80000,0x0000000774d80000,0x0000000775800000)
 ParOldGen       total 140800K, used 26273K [0x00000006c0000000, 0x00000006c8980000, 0x000000076ab00000)
  object space 140800K, 18% used [0x00000006c0000000,0x00000006c19a86a8,0x00000006c8980000)
 Metaspace       used 26988K, capacity 27570K, committed 27776K, reserved 1073152K
  class space    used 3202K, capacity 3434K, committed 3456K, reserved 1048576K
Event: 11.131 GC heap after
Heap after GC invocations=6 (full 1):
 PSYoungGen      total 177152K, used 10730K [0x000000076ab00000, 0x0000000779a00000, 0x00000007c0000000)
  eden space 166400K, 0% used [0x000000076ab00000,0x000000076ab00000,0x0000000774d80000)
  from space 10752K, 99% used [0x0000000774d80000,0x00000007757fa818,0x0000000775800000)
  to   space 23040K, 0% used [0x0000000778380000,0x0000000778380000,0x0000000779a00000)
 ParOldGen       total 140800K, used 29870K [0x00000006c0000000, 0x00000006c8980000, 0x000000076ab00000)
  object space 140800K, 21% used [0x00000006c0000000,0x00000006c1d2b8b0,0x00000006c8980000)
 Metaspace       used 26988K, capacity 27570K, committed 27776K, reserved 1073152K
  class space    used 3202K, capacity 3434K, committed 3456K, reserved 1048576K
}
Event: 44.498 GC heap before
{Heap before GC invocations=7 (full 1):
 PSYoungGen      total 177152K, used 177130K [0x000000076ab00000, 0x0000000779a00000, 0x00000007c0000000)
  eden space 166400K, 100% used [0x000000076ab00000,0x0000000774d80000,0x0000000774d80000)
  from space 10752K, 99% used [0x0000000774d80000,0x00000007757fa818,0x0000000775800000)
  to   space 23040K, 0% used [0x0000000778380000,0x0000000778380000,0x0000000779a00000)
 ParOldGen       total 140800K, used 29870K [0x00000006c0000000, 0x00000006c8980000, 0x000000076ab00000)
  object space 140800K, 21% used [0x00000006c0000000,0x00000006c1d2b8b0,0x00000006c8980000)
 Metaspace       used 31451K, capacity 32160K, committed 32256K, reserved 1077248K
  class space    used 3808K, capacity 4089K, committed 4096K, reserved 1048576K
Event: 44.510 GC heap after
Heap after GC invocations=7 (full 1):
 PSYoungGen      total 217600K, used 23038K [0x000000076ab00000, 0x0000000779e00000, 0x00000007c0000000)
  eden space 194560K, 0% used [0x000000076ab00000,0x000000076ab00000,0x0000000776900000)
  from space 23040K, 99% used [0x0000000778380000,0x00000007799ffa98,0x0000000779a00000)
  to   space 27136K, 0% used [0x0000000776900000,0x0000000776900000,0x0000000778380000)
 ParOldGen       total 140800K, used 30522K [0x00000006c0000000, 0x00000006c8980000, 0x000000076ab00000)
  object space 140800K, 21% used [0x00000006c0000000,0x00000006c1dceb68,0x00000006c8980000)
 Metaspace       used 31451K, capacity 32160K, committed 32256K, reserved 1077248K
  class space    used 3808K, capacity 4089K, committed 4096K, reserved 1048576K
}

