# JRE version: Java(TM) SE Runtime Environment (8.0_172-b11) (build 1.8.0_172-b11)
# Java VM: Java HotSpot(TM) 64-Bit Server VM (25.172-b11 mixed mode bsd-amd64 compressed oops)
Heap:
 PSYoungGen      total 190464K, used 78857K [0x000000076ab00000, 0x000000077a700000, 0x00000007c0000000)
  eden space 160768K, 49% used [0x000000076ab00000,0x000000076f802738,0x0000000774800000)
  from space 29696K, 0% used [0x0000000774800000,0x0000000774800000,0x0000000776500000)
  to   space 32768K, 0% used [0x0000000778700000,0x0000000778700000,0x000000077a700000)
 ParOldGen       total 211968K, used 35518K [0x00000006c0000000, 0x00000006ccf00000, 0x000000076ab00000)
  object space 211968K, 16% used [0x00000006c0000000,0x00000006c22afa10,0x00000006ccf00000)
 Metaspace       used 28470K, capacity 29224K, committed 35496K, reserved 1081344K
  class space    used 3414K, capacity 3751K, committed 4608K, reserved 1048576K
GC Heap History (10 events):
Event: 356.831 GC heap before
{Heap before GC invocations=11 (full 1):
 PSYoungGen      total 157696K, used 157380K [0x000000076ab00000, 0x0000000776400000, 0x00000007c0000000)
  eden space 138240K, 100% used [0x000000076ab00000,0x0000000773200000,0x0000000773200000)
  from space 19456K, 98% used [0x0000000773580000,0x00000007748312b0,0x0000000774880000)
  to   space 25600K, 0% used [0x0000000774b00000,0x0000000774b00000,0x0000000776400000)
 ParOldGen       total 141824K, used 23940K [0x00000006c0000000, 0x00000006c8a80000, 0x000000076ab00000)
  object space 141824K, 16% used [0x00000006c0000000,0x00000006c1761270,0x00000006c8a80000)
 Metaspace       used 32857K, capacity 33660K, committed 33792K, reserved 1079296K
  class space    used 3980K, capacity 4328K, committed 4352K, reserved 1048576K
Event: 356.839 GC heap after
Heap after GC invocations=11 (full 1):
 PSYoungGen      total 163840K, used 16407K [0x000000076ab00000, 0x0000000777d00000, 0x00000007c0000000)
  eden space 138240K, 0% used [0x000000076ab00000,0x000000076ab00000,0x0000000773200000)
  from space 25600K, 64% used [0x0000000774b00000,0x0000000775b05fe8,0x0000000776400000)
  to   space 25600K, 0% used [0x0000000773200000,0x0000000773200000,0x0000000774b00000)
 ParOldGen       total 141824K, used 23948K [0x00000006c0000000, 0x00000006c8a80000, 0x000000076ab00000)
  object space 141824K, 16% used [0x00000006c0000000,0x00000006c1763270,0x00000006c8a80000)
 Metaspace       used 32857K, capacity 33660K, committed 33792K, reserved 1079296K
  class space    used 3980K, capacity 4328K, committed 4352K, reserved 1048576K
}
Event: 359.486 GC heap before
{Heap before GC invocations=12 (full 1):
 PSYoungGen      total 163840K, used 154647K [0x000000076ab00000, 0x0000000777d00000, 0x00000007c0000000)
  eden space 138240K, 100% used [0x000000076ab00000,0x0000000773200000,0x0000000773200000)
  from space 25600K, 64% used [0x0000000774b00000,0x0000000775b05fe8,0x0000000776400000)
  to   space 25600K, 0% used [0x0000000773200000,0x0000000773200000,0x0000000774b00000)
 ParOldGen       total 141824K, used 23948K [0x00000006c0000000, 0x00000006c8a80000, 0x000000076ab00000)
  object space 141824K, 16% used [0x00000006c0000000,0x00000006c1763270,0x00000006c8a80000)
 Metaspace       used 33889K, capacity 34760K, committed 35072K, reserved 1079296K
  class space    used 4125K, capacity 4502K, committed 4608K, reserved 1048576K
Event: 359.497 GC heap after
Heap after GC invocations=12 (full 1):
 PSYoungGen      total 163840K, used 25589K [0x000000076ab00000, 0x0000000778200000, 0x00000007c0000000)
  eden space 138240K, 0% used [0x000000076ab00000,0x000000076ab00000,0x0000000773200000)
  from space 25600K, 99% used [0x0000000773200000,0x0000000774afd588,0x0000000774b00000)
  to   space 29696K, 0% used [0x0000000776500000,0x0000000776500000,0x0000000778200000)
 ParOldGen       total 141824K, used 25776K [0x00000006c0000000, 0x00000006c8a80000, 0x000000076ab00000)
  object space 141824K, 18% used [0x00000006c0000000,0x00000006c192c3b0,0x00000006c8a80000)
 Metaspace       used 33889K, capacity 34760K, committed 35072K, reserved 1079296K
  class space    used 4125K, capacity 4502K, committed 4608K, reserved 1048576K
}
Event: 359.777 GC heap before
{Heap before GC invocations=13 (full 1):
 PSYoungGen      total 163840K, used 163829K [0x000000076ab00000, 0x0000000778200000, 0x00000007c0000000)
  eden space 138240K, 100% used [0x000000076ab00000,0x0000000773200000,0x0000000773200000)
  from space 25600K, 99% used [0x0000000773200000,0x0000000774afd588,0x0000000774b00000)
  to   space 29696K, 0% used [0x0000000776500000,0x0000000776500000,0x0000000778200000)
 ParOldGen       total 141824K, used 25776K [0x00000006c0000000, 0x00000006c8a80000, 0x000000076ab00000)
  object space 141824K, 18% used [0x00000006c0000000,0x00000006c192c3b0,0x00000006c8a80000)
 Metaspace       used 33902K, capacity 34770K, committed 35072K, reserved 1079296K
  class space    used 4127K, capacity 4504K, committed 4608K, reserved 1048576K
Event: 359.787 GC heap after
Heap after GC invocations=13 (full 1):
 PSYoungGen      total 190464K, used 18605K [0x000000076ab00000, 0x0000000778a00000, 0x00000007c0000000)
  eden space 160768K, 0% used [0x000000076ab00000,0x000000076ab00000,0x0000000774800000)
  from space 29696K, 62% used [0x0000000776500000,0x000000077772b7b0,0x0000000778200000)
  to   space 29696K, 0% used [0x0000000774800000,0x0000000774800000,0x0000000776500000)
 ParOldGen       total 141824K, used 25776K [0x00000006c0000000, 0x00000006c8a80000, 0x000000076ab00000)
  object space 141824K, 18% used [0x00000006c0000000,0x00000006c192c3b0,0x00000006c8a80000)
 Metaspace       used 33902K, capacity 34770K, committed 35072K, reserved 1079296K
  class space    used 4127K, capacity 4504K, committed 4608K, reserved 1048576K
}
Event: 361.091 GC heap before
{Heap before GC invocations=14 (full 1):
 PSYoungGen      total 190464K, used 122925K [0x000000076ab00000, 0x0000000778a00000, 0x00000007c0000000)
  eden space 160768K, 64% used [0x000000076ab00000,0x00000007710dffa8,0x0000000774800000)
  from space 29696K, 62% used [0x0000000776500000,0x000000077772b7b0,0x0000000778200000)
  to   space 29696K, 0% used [0x0000000774800000,0x0000000774800000,0x0000000776500000)
 ParOldGen       total 141824K, used 25776K [0x00000006c0000000, 0x00000006c8a80000, 0x000000076ab00000)
  object space 141824K, 18% used [0x00000006c0000000,0x00000006c192c3b0,0x00000006c8a80000)
 Metaspace       used 34505K, capacity 35394K, committed 35496K, reserved 1081344K
  class space    used 4201K, capacity 4606K, committed 4608K, reserved 1048576K
Event: 361.100 GC heap after
Heap after GC invocations=14 (full 1):
 PSYoungGen      total 190464K, used 26325K [0x000000076ab00000, 0x000000077a700000, 0x00000007c0000000)
  eden space 160768K, 0% used [0x000000076ab00000,0x000000076ab00000,0x0000000774800000)
  from space 29696K, 88% used [0x0000000774800000,0x00000007761b57d0,0x0000000776500000)
  to   space 32768K, 0% used [0x0000000778700000,0x0000000778700000,0x000000077a700000)
 ParOldGen       total 141824K, used 25784K [0x00000006c0000000, 0x00000006c8a80000, 0x000000076ab00000)
  object space 141824K, 18% used [0x00000006c0000000,0x00000006c192e3b0,0x00000006c8a80000)
 Metaspace       used 34505K, capacity 35394K, committed 35496K, reserved 1081344K
  class space    used 4201K, capacity 4606K, committed 4608K, reserved 1048576K
}
Event: 361.100 GC heap before
{Heap before GC invocations=15 (full 2):
 PSYoungGen      total 190464K, used 26325K [0x000000076ab00000, 0x000000077a700000, 0x00000007c0000000)
  eden space 160768K, 0% used [0x000000076ab00000,0x000000076ab00000,0x0000000774800000)
  from space 29696K, 88% used [0x0000000774800000,0x00000007761b57d0,0x0000000776500000)
  to   space 32768K, 0% used [0x0000000778700000,0x0000000778700000,0x000000077a700000)
 ParOldGen       total 141824K, used 25784K [0x00000006c0000000, 0x00000006c8a80000, 0x000000076ab00000)
  object space 141824K, 18% used [0x00000006c0000000,0x00000006c192e3b0,0x00000006c8a80000)
 Metaspace       used 34505K, capacity 35394K, committed 35496K, reserved 1081344K
  class space    used 4201K, capacity 4606K, committed 4608K, reserved 1048576K
Event: 361.171 GC heap after
Heap after GC invocations=15 (full 2):
 PSYoungGen      total 190464K, used 0K [0x000000076ab00000, 0x000000077a700000, 0x00000007c0000000)
  eden space 160768K, 0% used [0x000000076ab00000,0x000000076ab00000,0x0000000774800000)
  from space 29696K, 0% used [0x0000000774800000,0x0000000774800000,0x0000000776500000)
  to   space 32768K, 0% used [0x0000000778700000,0x0000000778700000,0x000000077a700000)
 ParOldGen       total 211968K, used 35518K [0x00000006c0000000, 0x00000006ccf00000, 0x000000076ab00000)
  object space 211968K, 16% used [0x00000006c0000000,0x00000006c22afa10,0x00000006ccf00000)
 Metaspace       used 26414K, capacity 27138K, committed 35496K, reserved 1081344K
  class space    used 3124K, capacity 3462K, committed 4608K, reserved 1048576K
}

